2020-04-07 11:24:59,447 INFO org.springframework.boot.test.context.SpringBootTestContextBootstrapper [main] Neither @ContextConfiguration nor @ContextHierarchy found for test class [com.sapient.rulesengine.RulesEngineApplicationTests], using SpringBootContextLoader
2020-04-07 11:24:59,492 INFO org.springframework.test.context.support.AbstractContextLoader [main] Could not detect default resource locations for test class [com.sapient.rulesengine.RulesEngineApplicationTests]: no resource found for suffixes {-context.xml, Context.groovy}.
2020-04-07 11:24:59,496 INFO org.springframework.test.context.support.AnnotationConfigContextLoaderUtils [main] Could not detect default configuration classes for test class [com.sapient.rulesengine.RulesEngineApplicationTests]: RulesEngineApplicationTests does not declare any static, non-private, non-final, nested classes annotated with @Configuration.
2020-04-07 11:25:00,052 INFO org.springframework.boot.test.context.SpringBootTestContextBootstrapper [main] Found @SpringBootConfiguration com.sapient.rulesengine.RulesEngineApplication for test class com.sapient.rulesengine.RulesEngineApplicationTests
2020-04-07 11:25:00,428 INFO org.springframework.boot.test.context.SpringBootTestContextBootstrapper [main] Loaded default TestExecutionListener class names from location [META-INF/spring.factories]: [org.springframework.boot.test.mock.mockito.MockitoTestExecutionListener, org.springframework.boot.test.mock.mockito.ResetMocksTestExecutionListener, org.springframework.boot.test.autoconfigure.restdocs.RestDocsTestExecutionListener, org.springframework.boot.test.autoconfigure.web.client.MockRestServiceServerResetTestExecutionListener, org.springframework.boot.test.autoconfigure.web.servlet.MockMvcPrintOnlyOnFailureTestExecutionListener, org.springframework.boot.test.autoconfigure.web.servlet.WebDriverTestExecutionListener, org.springframework.test.context.web.ServletTestExecutionListener, org.springframework.test.context.support.DirtiesContextBeforeModesTestExecutionListener, org.springframework.test.context.support.DependencyInjectionTestExecutionListener, org.springframework.test.context.support.DirtiesContextTestExecutionListener, org.springframework.test.context.transaction.TransactionalTestExecutionListener, org.springframework.test.context.jdbc.SqlScriptsTestExecutionListener, org.springframework.test.context.event.EventPublishingTestExecutionListener]
2020-04-07 11:25:00,466 INFO org.springframework.boot.test.context.SpringBootTestContextBootstrapper [main] Using TestExecutionListeners: [org.springframework.test.context.web.ServletTestExecutionListener@2569afda, org.springframework.test.context.support.DirtiesContextBeforeModesTestExecutionListener@28dd8786, org.springframework.boot.test.mock.mockito.MockitoTestExecutionListener@70efdd18, org.springframework.boot.test.autoconfigure.SpringBootDependencyInjectionTestExecutionListener@247a8411, org.springframework.test.context.support.DirtiesContextTestExecutionListener@4c05f83b, org.springframework.test.context.event.EventPublishingTestExecutionListener@820b78a, org.springframework.boot.test.mock.mockito.ResetMocksTestExecutionListener@6a9ac8b, org.springframework.boot.test.autoconfigure.restdocs.RestDocsTestExecutionListener@7683ea43, org.springframework.boot.test.autoconfigure.web.client.MockRestServiceServerResetTestExecutionListener@15a41088, org.springframework.boot.test.autoconfigure.web.servlet.MockMvcPrintOnlyOnFailureTestExecutionListener@18356951, org.springframework.boot.test.autoconfigure.web.servlet.WebDriverTestExecutionListener@53335328]
2020-04-07 11:25:05,365 INFO org.springframework.cloud.config.client.ConfigServicePropertySourceLocator [main] Fetching config from server at : http://localhost:8888
2020-04-07 11:25:07,764 INFO org.springframework.cloud.config.client.ConfigServicePropertySourceLocator [main] Connect Timeout Exception on Url - http://localhost:8888. Will be trying the next url if available
2020-04-07 11:25:07,766 WARN org.springframework.cloud.config.client.ConfigServicePropertySourceLocator [main] Could not locate PropertySource: I/O error on GET request for "http://localhost:8888/rulesengine/default": Connection refused: connect; nested exception is java.net.ConnectException: Connection refused: connect
2020-04-07 11:25:07,829 INFO com.sapient.rulesengine.RulesEngineApplicationTests [main] No active profile set, falling back to default profiles: default
2020-04-07 11:25:10,340 WARN org.springframework.boot.actuate.endpoint.EndpointId [main] Endpoint ID 'service-registry' contains invalid characters, please migrate to a valid format.
2020-04-07 11:25:10,931 INFO org.springframework.cloud.context.scope.GenericScope [main] BeanFactory id=63acf169-29ca-38e9-a4a4-909c93bd8f9d
2020-04-07 11:25:11,332 INFO org.springframework.context.support.PostProcessorRegistrationDelegate$BeanPostProcessorChecker [main] Bean 'com.sapient.rulesengine.RulesServiceProxy' of type [org.springframework.cloud.openfeign.FeignClientFactoryBean] is not eligible for getting processed by all BeanPostProcessors (for example: not eligible for auto-proxying)
2020-04-07 11:25:12,277 WARN com.netflix.config.sources.URLConfigurationSource [main] No URLs will be polled as dynamic configuration sources.
2020-04-07 11:25:12,277 INFO com.netflix.config.sources.URLConfigurationSource [main] To enable URLs as dynamic configuration sources, define System property archaius.configurationSource.additionalUrls or make config.properties available on classpath.
2020-04-07 11:25:12,317 INFO com.netflix.config.DynamicPropertyFactory [main] DynamicPropertyFactory is initialized with configuration sources: com.netflix.config.ConcurrentCompositeConfiguration@295be010
2020-04-07 11:25:15,599 INFO org.springframework.boot.actuate.endpoint.web.EndpointLinksResolver [main] Exposing 2 endpoint(s) beneath base path '/actuator'
2020-04-07 11:25:15,992 INFO springfox.documentation.spring.web.PropertySourcedRequestMappingHandlerMapping [main] Mapped URL path [/v2/api-docs] onto method [springfox.documentation.swagger2.web.Swagger2Controller#getDocumentation(String, HttpServletRequest)]
2020-04-07 11:25:16,376 WARN com.netflix.config.sources.URLConfigurationSource [main] No URLs will be polled as dynamic configuration sources.
2020-04-07 11:25:16,376 INFO com.netflix.config.sources.URLConfigurationSource [main] To enable URLs as dynamic configuration sources, define System property archaius.configurationSource.additionalUrls or make config.properties available on classpath.
2020-04-07 11:25:17,145 INFO org.springframework.scheduling.concurrent.ThreadPoolTaskExecutor [main] Initializing ExecutorService 'applicationTaskExecutor'
2020-04-07 11:25:19,364 INFO org.mongodb.driver.cluster [main] Cluster created with settings {hosts=[localhost:27017], mode=SINGLE, requiredClusterType=UNKNOWN, serverSelectionTimeout='30000 ms', maxWaitQueueSize=500}
2020-04-07 11:25:19,745 INFO org.mongodb.driver.connection [cluster-ClusterId{value='5e8c15c706766411bf835c25', description='null'}-localhost:27017] Opened connection [connectionId{localValue:1, serverValue:280}] to localhost:27017
2020-04-07 11:25:19,767 INFO org.mongodb.driver.cluster [cluster-ClusterId{value='5e8c15c706766411bf835c25', description='null'}-localhost:27017] Monitor thread successfully connected to server with description ServerDescription{address=localhost:27017, type=STANDALONE, state=CONNECTED, ok=true, version=ServerVersion{versionList=[4, 2, 3]}, minWireVersion=0, maxWireVersion=8, maxDocumentSize=16777216, logicalSessionTimeoutMinutes=30, roundTripTimeNanos=13060600}
2020-04-07 11:25:21,194 WARN org.springframework.cloud.loadbalancer.config.BlockingLoadBalancerClientAutoConfiguration$BlockingLoadBalancerClientRibbonWarnLogger [main] You already have RibbonLoadBalancerClient on your classpath. It will be used by default. As Spring Cloud Ribbon is in maintenance mode. We recommend switching to BlockingLoadBalancerClient instead. In order to use it, set the value of `spring.cloud.loadbalancer.ribbon.enabled` to `false` or remove spring-cloud-starter-netflix-ribbon from your project.
2020-04-07 11:25:21,515 INFO springfox.documentation.spring.web.plugins.DocumentationPluginsBootstrapper [main] Context refreshed
2020-04-07 11:25:21,594 INFO springfox.documentation.spring.web.plugins.DocumentationPluginsBootstrapper [main] Found 1 custom documentation plugin(s)
2020-04-07 11:25:21,760 INFO springfox.documentation.spring.web.scanners.ApiListingReferenceScanner [main] Scanning for api listing references
2020-04-07 11:25:22,232 INFO springfox.documentation.spring.web.readers.operation.CachingOperationNameGenerator [main] Generating unique operation named: handleUsingGET_1
2020-04-07 11:25:22,240 INFO springfox.documentation.spring.web.readers.operation.CachingOperationNameGenerator [main] Generating unique operation named: handleUsingGET_2
2020-04-07 11:25:22,382 INFO com.sapient.rulesengine.RulesEngineApplicationTests [main] Started RulesEngineApplicationTests in 21.144 seconds (JVM running for 26.141)
2020-04-07 11:25:26,057 INFO org.springframework.cloud.config.client.ConfigServicePropertySourceLocator [main] Fetching config from server at : http://localhost:8888
2020-04-07 11:25:28,084 INFO org.springframework.cloud.config.client.ConfigServicePropertySourceLocator [main] Connect Timeout Exception on Url - http://localhost:8888. Will be trying the next url if available
2020-04-07 11:25:28,085 WARN org.springframework.cloud.config.client.ConfigServicePropertySourceLocator [main] Could not locate PropertySource: I/O error on GET request for "http://localhost:8888/rulesengine/default": Connection refused: connect; nested exception is java.net.ConnectException: Connection refused: connect
2020-04-07 11:25:28,086 INFO com.sapient.rulesengine.RulesEngineApplication [main] No active profile set, falling back to default profiles: default
2020-04-07 11:25:29,415 INFO org.springframework.cloud.context.scope.GenericScope [main] BeanFactory id=4c248575-7aa4-3af6-9cdb-dee0c69cacc5
2020-04-07 11:25:29,466 INFO org.springframework.context.support.PostProcessorRegistrationDelegate$BeanPostProcessorChecker [main] Bean 'com.sapient.rulesengine.RulesServiceProxy' of type [org.springframework.cloud.openfeign.FeignClientFactoryBean] is not eligible for getting processed by all BeanPostProcessors (for example: not eligible for auto-proxying)
2020-04-07 11:25:30,048 INFO org.springframework.boot.web.embedded.tomcat.TomcatWebServer [main] Tomcat initialized with port(s): 8776 (http)
2020-04-07 11:25:30,086 INFO org.apache.coyote.http11.Http11NioProtocol [main] Initializing ProtocolHandler ["http-nio-8776"]
2020-04-07 11:25:30,088 INFO org.apache.catalina.core.StandardService [main] Starting service [Tomcat]
2020-04-07 11:25:30,088 INFO org.apache.catalina.core.StandardEngine [main] Starting Servlet engine: [Apache Tomcat/9.0.33]
2020-04-07 11:25:30,631 INFO org.apache.catalina.core.ContainerBase.[Tomcat].[localhost].[/] [main] Initializing Spring embedded WebApplicationContext
2020-04-07 11:25:30,632 INFO org.springframework.web.context.ContextLoader [main] Root WebApplicationContext: initialization completed in 2536 ms
2020-04-07 11:25:32,287 INFO org.springframework.boot.actuate.endpoint.web.EndpointLinksResolver [main] Exposing 2 endpoint(s) beneath base path '/actuator'
2020-04-07 11:25:32,350 INFO springfox.documentation.spring.web.PropertySourcedRequestMappingHandlerMapping [main] Mapped URL path [/v2/api-docs] onto method [springfox.documentation.swagger2.web.Swagger2Controller#getDocumentation(String, HttpServletRequest)]
2020-04-07 11:25:32,368 WARN org.springframework.cloud.netflix.archaius.ArchaiusAutoConfiguration [main] Netflix ConfigurationManager has already been installed, unable to re-install
2020-04-07 11:25:32,464 INFO org.springframework.scheduling.concurrent.ThreadPoolTaskExecutor [main] Initializing ExecutorService 'applicationTaskExecutor'
2020-04-07 11:25:32,583 INFO org.mongodb.driver.cluster [main] Cluster created with settings {hosts=[localhost:27017], mode=SINGLE, requiredClusterType=UNKNOWN, serverSelectionTimeout='30000 ms', maxWaitQueueSize=500}
2020-04-07 11:25:32,595 INFO org.mongodb.driver.connection [cluster-ClusterId{value='5e8c15d406766411bf835c26', description='null'}-localhost:27017] Opened connection [connectionId{localValue:2, serverValue:281}] to localhost:27017
2020-04-07 11:25:32,600 INFO org.mongodb.driver.cluster [cluster-ClusterId{value='5e8c15d406766411bf835c26', description='null'}-localhost:27017] Monitor thread successfully connected to server with description ServerDescription{address=localhost:27017, type=STANDALONE, state=CONNECTED, ok=true, version=ServerVersion{versionList=[4, 2, 3]}, minWireVersion=0, maxWireVersion=8, maxDocumentSize=16777216, logicalSessionTimeoutMinutes=30, roundTripTimeNanos=2355300}
2020-04-07 11:25:33,449 WARN org.springframework.cloud.loadbalancer.config.BlockingLoadBalancerClientAutoConfiguration$BlockingLoadBalancerClientRibbonWarnLogger [main] You already have RibbonLoadBalancerClient on your classpath. It will be used by default. As Spring Cloud Ribbon is in maintenance mode. We recommend switching to BlockingLoadBalancerClient instead. In order to use it, set the value of `spring.cloud.loadbalancer.ribbon.enabled` to `false` or remove spring-cloud-starter-netflix-ribbon from your project.
2020-04-07 11:25:33,549 INFO org.springframework.cloud.netflix.eureka.InstanceInfoFactory [main] Setting initial instance status as: STARTING
2020-04-07 11:25:33,667 INFO com.netflix.discovery.DiscoveryClient [main] Initializing Eureka in region us-east-1
2020-04-07 11:25:33,932 INFO com.netflix.discovery.provider.DiscoveryJerseyProvider [main] Using JSON encoding codec LegacyJacksonJson
2020-04-07 11:25:33,932 INFO com.netflix.discovery.provider.DiscoveryJerseyProvider [main] Using JSON decoding codec LegacyJacksonJson
2020-04-07 11:25:34,350 INFO com.netflix.discovery.provider.DiscoveryJerseyProvider [main] Using XML encoding codec XStreamXml
2020-04-07 11:25:34,350 INFO com.netflix.discovery.provider.DiscoveryJerseyProvider [main] Using XML decoding codec XStreamXml
2020-04-07 11:25:35,112 INFO com.netflix.discovery.shared.resolver.aws.ConfigClusterResolver [main] Resolving eureka endpoints via configuration
2020-04-07 11:25:35,792 INFO com.netflix.discovery.DiscoveryClient [main] Disable delta property : false
2020-04-07 11:25:35,792 INFO com.netflix.discovery.DiscoveryClient [main] Single vip registry refresh property : null
2020-04-07 11:25:35,792 INFO com.netflix.discovery.DiscoveryClient [main] Force full registry fetch : false
2020-04-07 11:25:35,792 INFO com.netflix.discovery.DiscoveryClient [main] Application is null : false
2020-04-07 11:25:35,792 INFO com.netflix.discovery.DiscoveryClient [main] Registered Applications size is zero : true
2020-04-07 11:25:35,792 INFO com.netflix.discovery.DiscoveryClient [main] Application version is -1: true
2020-04-07 11:25:35,792 INFO com.netflix.discovery.DiscoveryClient [main] Getting all instance registry info from the eureka server
2020-04-07 11:25:36,210 INFO com.netflix.discovery.DiscoveryClient [main] The response status is 200
2020-04-07 11:25:36,216 INFO com.netflix.discovery.DiscoveryClient [main] Starting heartbeat executor: renew interval is: 30
2020-04-07 11:25:36,221 INFO com.netflix.discovery.InstanceInfoReplicator [main] InstanceInfoReplicator onDemand update allowed rate per min is 4
2020-04-07 11:25:36,230 INFO com.netflix.discovery.DiscoveryClient [main] Discovery Client initialized at timestamp 1586238936227 with initial instances count: 2
2020-04-07 11:25:36,232 INFO org.springframework.cloud.netflix.eureka.serviceregistry.EurekaServiceRegistry [main] Registering application RULESENGINE with eureka with status UP
2020-04-07 11:25:36,234 INFO com.netflix.discovery.DiscoveryClient [main] Saw local status change event StatusChangeEvent [timestamp=1586238936234, current=UP, previous=STARTING]
2020-04-07 11:25:36,239 INFO springfox.documentation.spring.web.plugins.DocumentationPluginsBootstrapper [main] Context refreshed
2020-04-07 11:25:36,240 INFO com.netflix.discovery.DiscoveryClient [DiscoveryClient-InstanceInfoReplicator-0] DiscoveryClient_RULESENGINE/WKWIN2657595.global.publicisgroupe.net:rulesengine:8776: registering service...
2020-04-07 11:25:36,241 INFO springfox.documentation.spring.web.plugins.DocumentationPluginsBootstrapper [main] Found 1 custom documentation plugin(s)
2020-04-07 11:25:36,254 INFO springfox.documentation.spring.web.scanners.ApiListingReferenceScanner [main] Scanning for api listing references
2020-04-07 11:25:36,309 INFO com.netflix.discovery.DiscoveryClient [DiscoveryClient-InstanceInfoReplicator-0] DiscoveryClient_RULESENGINE/WKWIN2657595.global.publicisgroupe.net:rulesengine:8776 - registration status: 204
2020-04-07 11:25:36,411 INFO springfox.documentation.spring.web.readers.operation.CachingOperationNameGenerator [main] Generating unique operation named: handleUsingGET_1
2020-04-07 11:25:36,415 INFO springfox.documentation.spring.web.readers.operation.CachingOperationNameGenerator [main] Generating unique operation named: handleUsingGET_2
2020-04-07 11:25:36,467 INFO org.apache.coyote.http11.Http11NioProtocol [main] Starting ProtocolHandler ["http-nio-8776"]
2020-04-07 11:25:36,517 INFO org.springframework.boot.web.embedded.tomcat.TomcatWebServer [main] Tomcat started on port(s): 8776 (http) with context path ''
2020-04-07 11:25:36,518 INFO org.springframework.cloud.netflix.eureka.serviceregistry.EurekaAutoServiceRegistration [main] Updating port to 8776
2020-04-07 11:25:37,201 INFO com.sapient.rulesengine.RulesEngineApplication [main] Started RulesEngineApplication in 13.149 seconds (JVM running for 40.961)
2020-04-07 11:25:37,444 DEBUG com.sapient.logger.LeaderboardAspectLogger [main] Before
2020-04-07 11:25:37,445 DEBUG com.sapient.logger.LeaderboardAspectLogger [main] After
2020-04-07 11:25:37,666 DEBUG com.sapient.logger.LeaderboardAspectLogger [main] Before
2020-04-07 11:25:37,666 DEBUG com.sapient.logger.LeaderboardAspectLogger [main] After
2020-04-07 11:25:37,743 INFO org.springframework.cloud.netflix.eureka.serviceregistry.EurekaServiceRegistry [SpringContextShutdownHook] Unregistering application RULESENGINE with eureka with status DOWN
2020-04-07 11:25:37,744 WARN com.netflix.discovery.DiscoveryClient [SpringContextShutdownHook] Saw local status change event StatusChangeEvent [timestamp=1586238937744, current=DOWN, previous=UP]
2020-04-07 11:25:37,744 INFO com.netflix.discovery.DiscoveryClient [DiscoveryClient-InstanceInfoReplicator-0] DiscoveryClient_RULESENGINE/WKWIN2657595.global.publicisgroupe.net:rulesengine:8776: registering service...
2020-04-07 11:25:37,745 INFO org.springframework.cloud.netflix.eureka.InstanceInfoFactory [SpringContextShutdownHook] Setting initial instance status as: STARTING
2020-04-07 11:25:37,757 INFO org.springframework.cloud.netflix.eureka.serviceregistry.EurekaServiceRegistry [SpringContextShutdownHook] Unregistering application RULESENGINE with eureka with status DOWN
2020-04-07 11:25:37,758 INFO com.netflix.discovery.DiscoveryClient [DiscoveryClient-InstanceInfoReplicator-0] DiscoveryClient_RULESENGINE/WKWIN2657595.global.publicisgroupe.net:rulesengine:8776 - registration status: 204
2020-04-07 11:25:38,151 INFO org.springframework.scheduling.concurrent.ThreadPoolTaskExecutor [SpringContextShutdownHook] Shutting down ExecutorService 'applicationTaskExecutor'
2020-04-07 11:25:38,151 INFO org.springframework.scheduling.concurrent.ThreadPoolTaskExecutor [SpringContextShutdownHook] Shutting down ExecutorService 'applicationTaskExecutor'
2020-04-07 11:25:38,167 INFO com.netflix.discovery.DiscoveryClient [SpringContextShutdownHook] Shutting down DiscoveryClient ...
2020-04-07 11:25:41,172 INFO com.netflix.discovery.DiscoveryClient [SpringContextShutdownHook] Unregistering ...
2020-04-07 11:25:41,182 INFO com.netflix.discovery.DiscoveryClient [SpringContextShutdownHook] DiscoveryClient_RULESENGINE/WKWIN2657595.global.publicisgroupe.net:rulesengine:8776 - deregister  status: 200
2020-04-07 11:25:41,204 INFO com.netflix.discovery.DiscoveryClient [SpringContextShutdownHook] Completed shut down of DiscoveryClient
